<?xml version="1.0" encoding="UTF-8"?>
<!-- Generated by org.testng.reporters.JUnitReportReporter -->
<testsuite hostname="XVMXDODCDEV503" failures="0" tests="1" name="restAssuredTests.LoginWithTN" time="4.584" errors="0" timestamp="2021-07-05T12:52:44 GMT+05:30" skipped="0">
  <testcase classname="restAssuredTests.LoginWithTN" name="verifyLoginWithTN" time="4.584"/>
  <system-out/>
</testsuite> <!-- restAssuredTests.LoginWithTN -->
