<?xml version="1.0" encoding="UTF-8"?>
<!-- Generated by org.testng.reporters.JUnitReportReporter -->
<testsuite hostname="XVMXDODCDEV503" failures="0" tests="1" name="restAssuredTests.Test_InitialPageOfPollDslam" time="4.553" errors="0" timestamp="2021-07-07T22:26:37 GMT+05:30" skipped="0">
  <testcase classname="restAssuredTests.Test_InitialPageOfPollDslam" name="verifyFrontPage" time="4.553"/>
  <system-out/>
</testsuite> <!-- restAssuredTests.Test_InitialPageOfPollDslam -->
