<?xml version="1.0" encoding="UTF-8"?>
<!-- Generated by org.testng.reporters.JUnitReportReporter -->
<testsuite skipped="0" hostname="XVMXDODCDEV503" name="restAssuredTests.Test_LoginHomePage" tests="1" failures="0" timestamp="2021-07-14T17:17:09 GMT+05:30" time="7.229" errors="0">
  <testcase name="verifyLoginWithTN" time="7.229" classname="restAssuredTests.Test_LoginHomePage"/>
  <system-out/>
</testsuite> <!-- restAssuredTests.Test_LoginHomePage -->
