<?xml version="1.0" encoding="UTF-8"?>
<!-- Generated by org.testng.reporters.JUnitReportReporter -->
<testsuite hostname="XVMXDODCDEV503" failures="0" tests="1" name="restAssuredTests.Test_PingDSlam" time="5.442" errors="0" timestamp="2021-07-07T22:12:56 GMT+05:30" skipped="0">
  <testcase classname="restAssuredTests.Test_PingDSlam" name="verifyPingDSLAM" time="5.442"/>
  <system-out/>
</testsuite> <!-- restAssuredTests.Test_PingDSlam -->
