<?xml version="1.0" encoding="UTF-8"?>
<!-- Generated by org.testng.reporters.JUnitReportReporter -->
<testsuite hostname="XVMXDODCDEV503" failures="0" tests="1" name="restAssuredTests.Test_TNCompositionList" time="0.000" errors="0" timestamp="2021-07-08T16:44:43 GMT+05:30" skipped="1">
  <testcase classname="restAssuredTests.Test_TNCompositionList" name="verifyTNCompositionList" time="0.000">
    <skipped/>
  </testcase> <!-- verifyTNCompositionList -->
  <system-out/>
</testsuite> <!-- restAssuredTests.Test_TNCompositionList -->
