<?xml version="1.0" encoding="UTF-8"?>
<!-- Generated by org.testng.reporters.JUnitReportReporter -->
<testsuite hostname="XVMXDODCDEV503" failures="0" tests="1" name="restAssuredTests.Test_InitialPageOfPollDslam" time="3.714" errors="0" timestamp="2021-07-07T20:54:17 GMT+05:30" skipped="0">
  <testcase classname="restAssuredTests.Test_InitialPageOfPollDslam" name="verifyFrontPage" time="3.714"/>
  <system-out/>
</testsuite> <!-- restAssuredTests.Test_InitialPageOfPollDslam -->
