<?xml version="1.0" encoding="UTF-8"?>
<!-- Generated by org.testng.reporters.JUnitReportReporter -->
<testsuite skipped="1" hostname="XVMXDODCDEV503" name="restAssuredTests.Test_Actuals" tests="1" failures="0" timestamp="2021-07-13T19:24:59 GMT+05:30" time="0.000" errors="0">
  <testcase name="verifyActualsDetails" time="0.000" classname="restAssuredTests.Test_Actuals">
    <skipped/>
  </testcase> <!-- verifyActualsDetails -->
  <system-out/>
</testsuite> <!-- restAssuredTests.Test_Actuals -->
