<?xml version="1.0" encoding="UTF-8"?>
<!-- Generated by org.testng.reporters.JUnitReportReporter -->
<testsuite hostname="XVMXDODCDEV503" failures="0" tests="1" name="restAssuredTests.Test_Actuals" time="31.405" errors="0" timestamp="2021-07-07T20:54:17 GMT+05:30" skipped="0">
  <testcase classname="restAssuredTests.Test_Actuals" name="verifyActualsDetails" time="31.405"/>
  <system-out/>
</testsuite> <!-- restAssuredTests.Test_Actuals -->
