<?xml version="1.0" encoding="UTF-8"?>
<!-- Generated by org.testng.reporters.JUnitReportReporter -->
<testsuite hostname="XVMXDODCDEV503" failures="0" tests="1" name="restAssuredTests.Test_TNCompositionList" time="22.868" errors="0" timestamp="2021-07-07T20:54:17 GMT+05:30" skipped="0">
  <testcase classname="restAssuredTests.Test_TNCompositionList" name="verifyTNCompositionList" time="22.868"/>
  <system-out/>
</testsuite> <!-- restAssuredTests.Test_TNCompositionList -->
