<?xml version="1.0" encoding="UTF-8"?>
<!-- Generated by org.testng.reporters.JUnitReportReporter -->
<testsuite skipped="0" hostname="XVMXDODCDEV503" name="restAssuredTests.Test_InitialPageOfPollDslam" tests="1" failures="0" timestamp="2021-07-14T17:17:09 GMT+05:30" time="5.045" errors="0">
  <testcase name="verifyFrontPage" time="5.045" classname="restAssuredTests.Test_InitialPageOfPollDslam"/>
  <system-out/>
</testsuite> <!-- restAssuredTests.Test_InitialPageOfPollDslam -->
