<?xml version="1.0" encoding="UTF-8"?>
<!-- Generated by org.testng.reporters.JUnitReportReporter -->
<testsuite hostname="XVMXDODCDEV503" failures="0" tests="1" name="restAssuredTests.InitialPageOfPollDslam" time="4.176" errors="0" timestamp="2021-07-05T20:06:10 GMT+05:30" skipped="0">
  <testcase classname="restAssuredTests.InitialPageOfPollDslam" name="verifyFrontPage" time="4.176"/>
  <system-out/>
</testsuite> <!-- restAssuredTests.InitialPageOfPollDslam -->
