<?xml version="1.0" encoding="UTF-8"?>
<!-- Generated by org.testng.reporters.JUnitReportReporter -->
<testsuite hostname="XVMXDODCDEV503" failures="0" tests="1" name="restAssuredTests.LoginWithValidTN" time="4.503" errors="0" timestamp="2021-07-05T19:12:46 GMT+05:30" skipped="0">
  <testcase classname="restAssuredTests.LoginWithValidTN" name="verifyLoginWithTN" time="4.503"/>
  <system-out/>
</testsuite> <!-- restAssuredTests.LoginWithValidTN -->
