<?xml version="1.0" encoding="UTF-8"?>
<!-- Generated by org.testng.reporters.JUnitReportReporter -->
<testsuite skipped="0" hostname="XVMXDODCDEV503" name="restAssuredTests.Test_TNCompositionList" tests="1" failures="0" timestamp="2021-07-14T17:17:09 GMT+05:30" time="40.899" errors="0">
  <testcase name="verifyTNCompositionList" time="40.899" classname="restAssuredTests.Test_TNCompositionList"/>
  <system-out/>
</testsuite> <!-- restAssuredTests.Test_TNCompositionList -->
