<?xml version="1.0" encoding="UTF-8"?>
<!-- Generated by org.testng.reporters.JUnitReportReporter -->
<testsuite hostname="XVMXDODCDEV503" failures="0" tests="1" name="restAssuredTests.InitialPageOfPollDslam" time="3.928" errors="0" timestamp="2021-07-05T19:12:46 GMT+05:30" skipped="0">
  <testcase classname="restAssuredTests.InitialPageOfPollDslam" name="verifyLoginWithTN" time="3.928"/>
  <system-out/>
</testsuite> <!-- restAssuredTests.InitialPageOfPollDslam -->
