<?xml version="1.0" encoding="UTF-8"?>
<!-- Generated by org.testng.reporters.JUnitReportReporter -->
<testsuite hostname="XVMXDODCDEV503" failures="0" tests="1" name="restAssuredTests.Test_TNCompositionList" time="32.777" errors="0" timestamp="2021-07-07T22:12:56 GMT+05:30" skipped="0">
  <testcase classname="restAssuredTests.Test_TNCompositionList" name="verifyTNCompositionList" time="32.777"/>
  <system-out/>
</testsuite> <!-- restAssuredTests.Test_TNCompositionList -->
